2021-11-14 20:57:21.073 - INFO - 40448 - azureml.train.automl._local_managed_utils.is_docker_installed:356 - Docker is not installed.
2021-11-14 20:57:21.096 - INFO - 40448 - azureml.train.automl.automlconfig._start_execution:212 - Submitting remote.
2021-11-14 21:06:35.193 - INFO - 40448 - azureml.train.automl._local_managed_utils.is_docker_installed:356 - Docker is not installed.
2021-11-14 21:06:35.194 - INFO - 40448 - azureml.train.automl.automlconfig._start_execution:212 - Submitting remote.
2021-11-14 21:11:34.267 - INFO - 40448 - azureml.train.automl.run._log_activity:55 - ActivityStarted: GetBestChild
2021-11-14 21:11:34.329 - INFO - 40448 - azureml.train.automl.run._log_activity:55 - ActivityStarted: GetChildren
2021-11-14 21:11:34.849 - INFO - 40448 - azureml.train.automl.run._log_activity:55 - ActivityStarted: GetChildren
2021-11-14 21:12:15.778 - INFO - 40448 - azureml.train.automl.run._log_activity:93 - ActivityCompleted: Activity=GetChildren, HowEnded=Success, Duration=40928.68[ms]
2021-11-14 21:12:15.797 - INFO - 40448 - azureml.train.automl.run._log_activity:93 - ActivityCompleted: Activity=GetChildren, HowEnded=Success, Duration=41468.87[ms]
2021-11-14 21:12:16.262 - INFO - 40448 - azureml.train.automl.run._log_activity:93 - ActivityCompleted: Activity=GetBestChild, HowEnded=Success, Duration=41994.9[ms]
2021-11-14 21:13:05.155 - INFO - 16976 - azureml.train.automl._local_managed_utils.is_docker_installed:356 - Docker is not installed.
2021-11-14 21:13:05.157 - INFO - 16976 - azureml.train.automl.automlconfig._start_execution:212 - Submitting remote.
2021-11-14 21:16:51.571 - INFO - 16976 - azureml.train.automl._local_managed_utils.is_docker_installed:356 - Docker is not installed.
2021-11-14 21:16:51.574 - INFO - 16976 - azureml.train.automl.automlconfig._start_execution:212 - Submitting remote.
2021-11-14 21:22:26.069 - INFO - 16976 - azureml.train.automl.run._log_activity:55 - ActivityStarted: GetBestChild
2021-11-14 21:22:26.135 - INFO - 16976 - azureml.train.automl.run._log_activity:55 - ActivityStarted: GetChildren
2021-11-14 21:22:26.667 - INFO - 16976 - azureml.train.automl.run._log_activity:55 - ActivityStarted: GetChildren
2021-11-14 21:23:08.918 - INFO - 16976 - azureml.train.automl.run._log_activity:93 - ActivityCompleted: Activity=GetChildren, HowEnded=Success, Duration=42251.72[ms]
2021-11-14 21:23:08.920 - INFO - 16976 - azureml.train.automl.run._log_activity:93 - ActivityCompleted: Activity=GetChildren, HowEnded=Success, Duration=42785.95[ms]
2021-11-14 21:23:09.526 - INFO - 16976 - azureml.train.automl.run._log_activity:93 - ActivityCompleted: Activity=GetBestChild, HowEnded=Success, Duration=43456.67[ms]
